        -:    0:Source:Sort_min.c
        -:    0:Graph:./Sort_min.gcno
        -:    0:Data:./Sort_min.gcda
        -:    0:Runs:5
        -:    1:#include "Sort_min.h"
        -:    2:
        5:    3:void Sort_min(int a[], size_t n)
        -:    4:{
        5:    5:    size_t i = 0;
        -:    6:    size_t j;
        -:    7:    int m;
       24:    8:    while (i < (n - 1))
        -:    9:    {
       19:   10:        j = i + 1;
       87:   11:        while (j < n)
        -:   12:        {
       68:   13:            if (a[j] > a[i])
        -:   14:            {
       40:   15:                m = a[i];
       40:   16:                a[i] = a[j];
       40:   17:                a[j] = m;
        -:   18:            }
       68:   19:            j++;
        -:   20:        }
       19:   21:        i++;
        -:   22:    }
        5:   23:}
