        -:    0:Source:Sorter.c
        -:    0:Graph:./Sorter.gcno
        -:    0:Data:./Sorter.gcda
        -:    0:Runs:5
        -:    1:#include "Sorter.h"
        -:    2:
        5:    3:void Sorter(int a[], size_t n)
        -:    4:{
        5:    5:    size_t i = 0;
        5:    6:    size_t j = 0;
        -:    7:    int a_ch[MAX_LEN];
        5:    8:    size_t n_ch = 0;
        -:    9:    int a_nch[MAX_LEN];
        5:   10:    size_t n_nch = 0;
       29:   11:    while (i < n)
        -:   12:    {
       24:   13:        if (a[i] % 2 == 0)
       12:   14:            a_ch[n_ch++] = a[i];
        -:   15:        else
       12:   16:            a_nch[n_nch++] = a[i];
       24:   17:        i++;
        -:   18:    }
        5:   19:    if (n_ch > 1)
        4:   20:        Sort_max(a_ch, n_ch);
        5:   21:    if (n_nch > 1)
        3:   22:        Sort_min(a_nch, n_nch);
        -:   23:
       17:   24:    while (j < n_ch)
        -:   25:    {
       12:   26:        a[j] = a_ch[j];
       12:   27:        j++;
        -:   28:    }
       17:   29:    while ((j - n_ch) < n_nch)
        -:   30:    {
       12:   31:        a[j] = a_nch[j - n_ch];
       12:   32:        j++;
        -:   33:    }
        5:   34:}
